The system is: Linux - 4.15.0-106-generic - x86_64
Compiling the C compiler identification source file "CMakeCCompilerId.c" succeeded.
Compiler: /usr/bin/cc 
Build flags: 
Id flags:  

The output was:
0


Compilation of the C compiler identification source "CMakeCCompilerId.c" produced "a.out"

The C compiler identification is GNU, found in "/home/amireshratifar/work/tensorrt-plugins/yolov5/build/CMakeFiles/3.10.2/CompilerIdC/a.out"

Compiling the CXX compiler identification source file "CMakeCXXCompilerId.cpp" succeeded.
Compiler: /usr/bin/c++ 
Build flags: 
Id flags:  

The output was:
0


Compilation of the CXX compiler identification source "CMakeCXXCompilerId.cpp" produced "a.out"

The CXX compiler identification is GNU, found in "/home/amireshratifar/work/tensorrt-plugins/yolov5/build/CMakeFiles/3.10.2/CompilerIdCXX/a.out"

Determining if the C compiler works passed with the following output:
Change Dir: /home/amireshratifar/work/tensorrt-plugins/yolov5/build/CMakeFiles/CMakeTmp

Run Build Command:"/usr/bin/make" "cmTC_33110/fast"
/usr/bin/make -f CMakeFiles/cmTC_33110.dir/build.make CMakeFiles/cmTC_33110.dir/build
make[1]: Entering directory '/mnt/nfs/amireshratifar/work/tensorrt-plugins/yolov5/build/CMakeFiles/CMakeTmp'
Building C object CMakeFiles/cmTC_33110.dir/testCCompiler.c.o
/usr/bin/cc    -o CMakeFiles/cmTC_33110.dir/testCCompiler.c.o   -c /home/amireshratifar/work/tensorrt-plugins/yolov5/build/CMakeFiles/CMakeTmp/testCCompiler.c
Linking C executable cmTC_33110
/usr/bin/cmake -E cmake_link_script CMakeFiles/cmTC_33110.dir/link.txt --verbose=1
/usr/bin/cc      -rdynamic CMakeFiles/cmTC_33110.dir/testCCompiler.c.o  -o cmTC_33110 
make[1]: Leaving directory '/mnt/nfs/amireshratifar/work/tensorrt-plugins/yolov5/build/CMakeFiles/CMakeTmp'


